2020/08/21 11:22:03.803626 caller_display.go:46: 0 : 15606130692
2020/08/21 11:22:03.818048 caller_display.go:52: Caller number sum: 1
2020/08/21 11:22:03.818048 caller_display.go:121: phoneController serve at 127.0.0.1:8018
2020/08/21 15:00:56.081085 data.go:114: 外呼主叫号码表.xlsx open ../data/外呼主叫号码表.xlsx: The system cannot find the path specified.
2020/08/21 15:00:56.091897 http_serve.go:117: phoneController serve at 127.0.0.1:8018
2020/08/21 15:01:47.616629 http_serve.go:91: No caller Display available!
2020/08/21 15:02:19.969749 data.go:114: 外呼主叫号码表.xlsx open ../data/外呼主叫号码表.xlsx: The system cannot find the path specified.
2020/08/21 15:02:19.979665 http_serve.go:117: phoneController serve at 127.0.0.1:8018
2020/08/21 15:05:30.346155 data.go:125: 0 : 051252340801
2020/08/21 15:05:30.357093 data.go:131: Caller display number excel file load success！ sum: 1
2020/08/21 15:05:30.368811 data.go:142: phone attributtion data load success！
2020/08/21 15:05:30.369712 http_serve.go:117: phoneController serve at 127.0.0.1:8018
2020/08/21 15:05:43.108689 http_serve.go:78: do Get callerDisplay: 051252340801 using flag: false -> true
2020/08/21 15:07:18.591336 data.go:125: 0 : 051252340801
2020/08/21 15:07:18.602183 data.go:131: Caller display number excel file load success！ sum: 1
2020/08/21 15:07:18.604891 data.go:142: phone attributtion data load success！
2020/08/21 15:07:18.604891 http_serve.go:117: phoneController serve at 127.0.0.1:8018
2020/08/21 15:07:23.912696 http_serve.go:78: do Get callerDisplay: 051252340801 using flag: false -> true
2020/08/21 15:08:24.504195 data.go:125: 0 : 051252340801
2020/08/21 15:08:24.513208 data.go:131: Caller display number excel file load success！ sum: 1
2020/08/21 15:08:24.516816 data.go:142: phone attributtion data load success！
2020/08/21 15:08:24.516816 http_serve.go:118: phoneController serve at 127.0.0.1:8018
2020/08/21 15:08:30.674324 http_serve.go:78: do Get callerDisplay: 051252340801 using flag: false -> true
2020/08/21 15:26:04.696398 data.go:125: 0 : 051252340801
2020/08/21 15:26:04.727062 data.go:131: Caller display number excel file load success！ sum: 1
2020/08/21 15:26:04.735175 data.go:142: phone attributtion data load success！
2020/08/21 15:26:04.735175 http_serve.go:129: phoneController serve at  :8018
2020/08/21 15:27:21.399339 data.go:125: 0 : 051252340801
2020/08/21 15:27:21.414665 data.go:131: Caller display number excel file load success！ sum: 1
2020/08/21 15:27:21.419169 data.go:142: phone attributtion data load success！
2020/08/21 15:27:21.419169 http_serve.go:129: phoneController serve at  0.0.0.0:8018
2020/08/21 15:27:25.528510 http_serve.go:78: do Get callerDisplay: 051252340801 using flag: false -> true
2020/08/21 15:28:16.536682 http_serve.go:57: do put callerDisplay: 051252340801 using flag: true -> false
2020/08/21 15:29:02.852490 http_serve.go:57: do put callerDisplay: 051252340801 using flag: true -> false
2020/08/21 15:29:28.270147 http_serve.go:78: do Get callerDisplay: 051252340801 using flag: false -> true
2020/08/21 15:30:45.363947 http_serve.go:91: No caller Display available!
2020/08/21 15:31:05.494829 data.go:125: 0 : 051252340801
2020/08/21 15:31:05.508348 data.go:131: Caller display number excel file load success！ sum: 1
2020/08/21 15:31:05.513757 data.go:142: phone attributtion data load success！
2020/08/21 15:31:05.513757 http_serve.go:129: phoneController serve at  0.0.0.0:8018
2020/08/21 15:31:08.629077 http_serve.go:78: do Get callerDisplay: 051252340801 using flag: false -> true
2020/08/21 15:32:13.017044 data.go:125: 0 : 051252340801
2020/08/21 15:32:13.031467 data.go:131: Caller display number excel file load success！ sum: 1
2020/08/21 15:32:13.034173 data.go:142: phone attributtion data load success！
2020/08/21 15:32:13.035076 http_serve.go:129: phoneController serve at  0.0.0.0:8018
2020/08/21 15:32:18.583165 http_serve.go:78: do Get callerDisplay: 051252340801 using flag: false -> true
2020/08/21 15:32:21.933260 data.go:125: 0 : 051252340801
2020/08/21 15:32:21.945882 data.go:131: Caller display number excel file load success！ sum: 1
2020/08/21 15:32:21.948581 data.go:142: phone attributtion data load success！
2020/08/21 15:32:21.948581 http_serve.go:129: phoneController serve at  0.0.0.0:8018
2020/08/21 15:32:27.489446 http_serve.go:78: do Get callerDisplay: 051252340801 using flag: false -> true
2020/08/21 15:35:16.066652 data.go:125: 0 : 051252340801
2020/08/21 15:35:16.080255 data.go:131: Caller display number excel file load success！ sum: 1
2020/08/21 15:35:16.084762 data.go:142: phone attributtion data load success！
2020/08/21 15:35:16.084762 http_serve.go:129: phoneController serve at  0.0.0.0:8018
2020/08/21 15:35:29.393289 http_serve.go:78: do Get callerDisplay: 051252340801 using flag: false -> true
2020/08/21 15:38:04.681022 data.go:125: 0 : 051252340801
2020/08/21 15:38:04.692741 data.go:131: Caller display number excel file load success！ sum: 1
2020/08/21 15:38:04.696344 data.go:142: phone attributtion data load success！
2020/08/21 15:38:04.696344 http_serve.go:135: phoneController serve at  0.0.0.0:8018
2020/08/21 15:39:21.857215 http_serve.go:84: do Get callerDisplay: 051252340801 using flag: false -> true
2020/08/21 15:39:40.541126 http_serve.go:97: No caller Display available!
2020/08/21 15:40:06.523813 data.go:125: 0 : 051252340801
2020/08/21 15:40:06.536437 data.go:131: Caller display number excel file load success！ sum: 1
2020/08/21 15:40:06.540939 data.go:142: phone attributtion data load success！
2020/08/21 15:40:06.540939 http_serve.go:135: phoneController serve at  0.0.0.0:8018
2020/08/21 15:42:10.008850 data.go:125: 0 : 51252340801
2020/08/21 15:42:10.025076 data.go:125: 0 : 51252340802
2020/08/21 15:42:10.025076 data.go:125: 0 : 51252340803
2020/08/21 15:42:10.025076 data.go:125: 0 : 51252340804
2020/08/21 15:42:10.025076 data.go:125: 0 : 51252340805
2020/08/21 15:42:10.025076 data.go:125: 0 : 51252340806
2020/08/21 15:42:10.025076 data.go:125: 0 : 51252340807
2020/08/21 15:42:10.025076 data.go:125: 0 : 51252340808
2020/08/21 15:42:10.025076 data.go:125: 0 : 51252340809
2020/08/21 15:42:10.025076 data.go:125: 0 : 51252340810
2020/08/21 15:42:10.025076 data.go:125: 0 : 51252340811
2020/08/21 15:42:10.025076 data.go:125: 0 : 51252340812
2020/08/21 15:42:10.025076 data.go:125: 0 : 51252340813
2020/08/21 15:42:10.025076 data.go:125: 0 : 51252340814
2020/08/21 15:42:10.025076 data.go:125: 0 : 51252340815
2020/08/21 15:42:10.025076 data.go:125: 0 : 51252340816
2020/08/21 15:42:10.025076 data.go:125: 0 : 51252340817
2020/08/21 15:42:10.025076 data.go:125: 0 : 51252340818
2020/08/21 15:42:10.025076 data.go:125: 0 : 51252340819
2020/08/21 15:42:10.025076 data.go:125: 0 : 51252340820
2020/08/21 15:42:10.025076 data.go:125: 0 : 51252340821
2020/08/21 15:42:10.025076 data.go:125: 0 : 51252340822
2020/08/21 15:42:10.025977 data.go:125: 0 : 51252340823
2020/08/21 15:42:10.025977 data.go:125: 0 : 51252340824
2020/08/21 15:42:10.025977 data.go:125: 0 : 51252340825
2020/08/21 15:42:10.025977 data.go:125: 0 : 51252340826
2020/08/21 15:42:10.025977 data.go:125: 0 : 51252340827
2020/08/21 15:42:10.025977 data.go:125: 0 : 51252340828
2020/08/21 15:42:10.025977 data.go:125: 0 : 51252340829
2020/08/21 15:42:10.025977 data.go:125: 0 : 51252340830
2020/08/21 15:42:10.025977 data.go:125: 0 : 51252340831
2020/08/21 15:42:10.025977 data.go:125: 0 : 51252340832
2020/08/21 15:42:10.025977 data.go:125: 0 : 51252340833
2020/08/21 15:42:10.025977 data.go:125: 0 : 51252340834
2020/08/21 15:42:10.025977 data.go:125: 0 : 51252340835
2020/08/21 15:42:10.025977 data.go:125: 0 : 51252340836
2020/08/21 15:42:10.025977 data.go:125: 0 : 51252340837
2020/08/21 15:42:10.025977 data.go:125: 0 : 51252340838
2020/08/21 15:42:10.025977 data.go:125: 0 : 51252340839
2020/08/21 15:42:10.025977 data.go:125: 0 : 51252340840
2020/08/21 15:42:10.025977 data.go:125: 0 : 51252340841
2020/08/21 15:42:10.025977 data.go:125: 0 : 51252340842
2020/08/21 15:42:10.025977 data.go:125: 0 : 51252340843
2020/08/21 15:42:10.025977 data.go:125: 0 : 51252340844
2020/08/21 15:42:10.025977 data.go:125: 0 : 51252340845
2020/08/21 15:42:10.025977 data.go:125: 0 : 51252340846
2020/08/21 15:42:10.025977 data.go:125: 0 : 51252340847
2020/08/21 15:42:10.025977 data.go:125: 0 : 51252340848
2020/08/21 15:42:10.025977 data.go:125: 0 : 51252340849
2020/08/21 15:42:10.025977 data.go:125: 0 : 51252340850
2020/08/21 15:42:10.025977 data.go:125: 0 : 51252340851
2020/08/21 15:42:10.025977 data.go:125: 0 : 51252340852
2020/08/21 15:42:10.025977 data.go:125: 0 : 51252340853
2020/08/21 15:42:10.025977 data.go:125: 0 : 51252340854
2020/08/21 15:42:10.025977 data.go:125: 0 : 51252340855
2020/08/21 15:42:10.025977 data.go:125: 0 : 51252340856
2020/08/21 15:42:10.025977 data.go:125: 0 : 51252340857
2020/08/21 15:42:10.025977 data.go:125: 0 : 51252340858
2020/08/21 15:42:10.025977 data.go:125: 0 : 51252340859
2020/08/21 15:42:10.025977 data.go:125: 0 : 51252340860
2020/08/21 15:42:10.025977 data.go:125: 0 : 51252340861
2020/08/21 15:42:10.025977 data.go:125: 0 : 51252340862
2020/08/21 15:42:10.025977 data.go:125: 0 : 51252340863
2020/08/21 15:42:10.025977 data.go:125: 0 : 51252340864
2020/08/21 15:42:10.025977 data.go:125: 0 : 51252340865
2020/08/21 15:42:10.025977 data.go:125: 0 : 51252340866
2020/08/21 15:42:10.025977 data.go:125: 0 : 51252340867
2020/08/21 15:42:10.025977 data.go:125: 0 : 51252340868
2020/08/21 15:42:10.025977 data.go:125: 0 : 51252340869
2020/08/21 15:42:10.025977 data.go:125: 0 : 51252340870
2020/08/21 15:42:10.025977 data.go:125: 0 : 51252340871
2020/08/21 15:42:10.025977 data.go:125: 0 : 51252340872
2020/08/21 15:42:10.025977 data.go:125: 0 : 51252340873
2020/08/21 15:42:10.025977 data.go:125: 0 : 51252340874
2020/08/21 15:42:10.025977 data.go:125: 0 : 51252340875
2020/08/21 15:42:10.025977 data.go:125: 0 : 51252340876
2020/08/21 15:42:10.025977 data.go:125: 0 : 51252340877
2020/08/21 15:42:10.025977 data.go:125: 0 : 51252340878
2020/08/21 15:42:10.025977 data.go:125: 0 : 51252340879
2020/08/21 15:42:10.025977 data.go:125: 0 : 51252340880
2020/08/21 15:42:10.025977 data.go:125: 0 : 51252340881
2020/08/21 15:42:10.025977 data.go:125: 0 : 51252340882
2020/08/21 15:42:10.025977 data.go:125: 0 : 51252340883
2020/08/21 15:42:10.025977 data.go:125: 0 : 51252340884
2020/08/21 15:42:10.025977 data.go:125: 0 : 51252340885
2020/08/21 15:42:10.025977 data.go:125: 0 : 51252340886
2020/08/21 15:42:10.025977 data.go:125: 0 : 51252340887
2020/08/21 15:42:10.025977 data.go:125: 0 : 51252340888
2020/08/21 15:42:10.025977 data.go:125: 0 : 51252340889
2020/08/21 15:42:10.025977 data.go:125: 0 : 51252340890
2020/08/21 15:42:10.025977 data.go:125: 0 : 51252340891
2020/08/21 15:42:10.025977 data.go:125: 0 : 51252340892
2020/08/21 15:42:10.025977 data.go:125: 0 : 51252340893
2020/08/21 15:42:10.025977 data.go:125: 0 : 51252340894
2020/08/21 15:42:10.025977 data.go:125: 0 : 51252340895
2020/08/21 15:42:10.025977 data.go:125: 0 : 51252340896
2020/08/21 15:42:10.025977 data.go:125: 0 : 51252340897
2020/08/21 15:42:10.026882 data.go:125: 0 : 51252340898
2020/08/21 15:42:10.026882 data.go:125: 0 : 51252340899
2020/08/21 15:42:10.026882 data.go:125: 0 : 51252340900
2020/08/21 15:42:10.026882 data.go:125: 0 : 51252340901
2020/08/21 15:42:10.026882 data.go:125: 0 : 51252340902
2020/08/21 15:42:10.026882 data.go:125: 0 : 51252340903
2020/08/21 15:42:10.026882 data.go:125: 0 : 51252340904
2020/08/21 15:42:10.026882 data.go:125: 0 : 51252340905
2020/08/21 15:42:10.026882 data.go:125: 0 : 51252340906
2020/08/21 15:42:10.026882 data.go:125: 0 : 51252340907
2020/08/21 15:42:10.026882 data.go:125: 0 : 51252340908
2020/08/21 15:42:10.026882 data.go:125: 0 : 51252340909
2020/08/21 15:42:10.026882 data.go:125: 0 : 51252340910
2020/08/21 15:42:10.026882 data.go:125: 0 : 51252340911
2020/08/21 15:42:10.026882 data.go:125: 0 : 51252340912
2020/08/21 15:42:10.026882 data.go:125: 0 : 51252340913
2020/08/21 15:42:10.026882 data.go:125: 0 : 51252340914
2020/08/21 15:42:10.026882 data.go:125: 0 : 51252340915
2020/08/21 15:42:10.026882 data.go:125: 0 : 51252340916
2020/08/21 15:42:10.026882 data.go:125: 0 : 51252340917
2020/08/21 15:42:10.026882 data.go:125: 0 : 51252340918
2020/08/21 15:42:10.026882 data.go:125: 0 : 51252340919
2020/08/21 15:42:10.026882 data.go:125: 0 : 51252340920
2020/08/21 15:42:10.027779 data.go:125: 0 : 51252340921
2020/08/21 15:42:10.027779 data.go:125: 0 : 51252340922
2020/08/21 15:42:10.027779 data.go:125: 0 : 51252340923
2020/08/21 15:42:10.027779 data.go:125: 0 : 51252340924
2020/08/21 15:42:10.027779 data.go:125: 0 : 51252340925
2020/08/21 15:42:10.027779 data.go:125: 0 : 51252340926
2020/08/21 15:42:10.027779 data.go:125: 0 : 51252340927
2020/08/21 15:42:10.027779 data.go:125: 0 : 51252340928
2020/08/21 15:42:10.027779 data.go:125: 0 : 51252340929
2020/08/21 15:42:10.027779 data.go:125: 0 : 51252340930
2020/08/21 15:42:10.027779 data.go:125: 0 : 51252340931
2020/08/21 15:42:10.027779 data.go:125: 0 : 51252340932
2020/08/21 15:42:10.027779 data.go:125: 0 : 51252340933
2020/08/21 15:42:10.027779 data.go:125: 0 : 51252340934
2020/08/21 15:42:10.027779 data.go:125: 0 : 51252340935
2020/08/21 15:42:10.027779 data.go:125: 0 : 51252340936
2020/08/21 15:42:10.027779 data.go:125: 0 : 51252340937
2020/08/21 15:42:10.027779 data.go:125: 0 : 51252340938
2020/08/21 15:42:10.027779 data.go:125: 0 : 51252340939
2020/08/21 15:42:10.027779 data.go:125: 0 : 51252340940
2020/08/21 15:42:10.027779 data.go:125: 0 : 51252340941
2020/08/21 15:42:10.027779 data.go:125: 0 : 51252340942
2020/08/21 15:42:10.027779 data.go:125: 0 : 51252340943
2020/08/21 15:42:10.027779 data.go:125: 0 : 51252340944
2020/08/21 15:42:10.027779 data.go:125: 0 : 51252340945
2020/08/21 15:42:10.027779 data.go:125: 0 : 51252340946
2020/08/21 15:42:10.027779 data.go:125: 0 : 51252340947
2020/08/21 15:42:10.027779 data.go:125: 0 : 51252340948
2020/08/21 15:42:10.027779 data.go:125: 0 : 51252340949
2020/08/21 15:42:10.027779 data.go:125: 0 : 51252340950
2020/08/21 15:42:10.027779 data.go:125: 0 : 51252340951
2020/08/21 15:42:10.027779 data.go:125: 0 : 51252340952
2020/08/21 15:42:10.027779 data.go:125: 0 : 51252340953
2020/08/21 15:42:10.027779 data.go:125: 0 : 51252340954
2020/08/21 15:42:10.027779 data.go:125: 0 : 51252340955
2020/08/21 15:42:10.027779 data.go:125: 0 : 51252340956
2020/08/21 15:42:10.027779 data.go:125: 0 : 51252340957
2020/08/21 15:42:10.027779 data.go:125: 0 : 51252340958
2020/08/21 15:42:10.027779 data.go:125: 0 : 51252340959
2020/08/21 15:42:10.027779 data.go:125: 0 : 51252340960
2020/08/21 15:42:10.027779 data.go:125: 0 : 51252340961
2020/08/21 15:42:10.027779 data.go:125: 0 : 51252340962
2020/08/21 15:42:10.027779 data.go:125: 0 : 51252340963
2020/08/21 15:42:10.027779 data.go:125: 0 : 51252340964
2020/08/21 15:42:10.027779 data.go:125: 0 : 51252340965
2020/08/21 15:42:10.027779 data.go:125: 0 : 51252340966
2020/08/21 15:42:10.027779 data.go:125: 0 : 51252340967
2020/08/21 15:42:10.027779 data.go:125: 0 : 51252340968
2020/08/21 15:42:10.027779 data.go:125: 0 : 51252340969
2020/08/21 15:42:10.027779 data.go:125: 0 : 51252340970
2020/08/21 15:42:10.027779 data.go:125: 0 : 51252340971
2020/08/21 15:42:10.027779 data.go:125: 0 : 51252340972
2020/08/21 15:42:10.027779 data.go:125: 0 : 51252340973
2020/08/21 15:42:10.027779 data.go:125: 0 : 51252340974
2020/08/21 15:42:10.027779 data.go:125: 0 : 51252340975
2020/08/21 15:42:10.027779 data.go:125: 0 : 51252340976
2020/08/21 15:42:10.027779 data.go:125: 0 : 51252340977
2020/08/21 15:42:10.027779 data.go:125: 0 : 51252340978
2020/08/21 15:42:10.027779 data.go:125: 0 : 51252340979
2020/08/21 15:42:10.027779 data.go:125: 0 : 51252340980
2020/08/21 15:42:10.027779 data.go:125: 0 : 51252340981
2020/08/21 15:42:10.027779 data.go:125: 0 : 51252340982
2020/08/21 15:42:10.027779 data.go:125: 0 : 51252340983
2020/08/21 15:42:10.027779 data.go:125: 0 : 51252340984
2020/08/21 15:42:10.027779 data.go:125: 0 : 51252340985
2020/08/21 15:42:10.027779 data.go:125: 0 : 51252340986
2020/08/21 15:42:10.027779 data.go:125: 0 : 51252340987
2020/08/21 15:42:10.028680 data.go:125: 0 : 51252340988
2020/08/21 15:42:10.028680 data.go:125: 0 : 51252340989
2020/08/21 15:42:10.028680 data.go:125: 0 : 51252340990
2020/08/21 15:42:10.028680 data.go:125: 0 : 51252340991
2020/08/21 15:42:10.028680 data.go:125: 0 : 51252340992
2020/08/21 15:42:10.028680 data.go:125: 0 : 51252340993
2020/08/21 15:42:10.028680 data.go:125: 0 : 51252340994
2020/08/21 15:42:10.028680 data.go:125: 0 : 51252340995
2020/08/21 15:42:10.028680 data.go:125: 0 : 51252340996
2020/08/21 15:42:10.028680 data.go:125: 0 : 51252340997
2020/08/21 15:42:10.028680 data.go:125: 0 : 51252340998
2020/08/21 15:42:10.028680 data.go:125: 0 : 51252340999
2020/08/21 15:42:10.028680 data.go:125: 0 : 51252341000
2020/08/21 15:42:10.028680 data.go:125: 0 : 51252341001
2020/08/21 15:42:10.028680 data.go:125: 0 : 51252341002
2020/08/21 15:42:10.028680 data.go:125: 0 : 51252341003
2020/08/21 15:42:10.028680 data.go:125: 0 : 51252341004
2020/08/21 15:42:10.028680 data.go:125: 0 : 51252341005
2020/08/21 15:42:10.028680 data.go:125: 0 : 51252341006
2020/08/21 15:42:10.028680 data.go:125: 0 : 51252341007
2020/08/21 15:42:10.028680 data.go:125: 0 : 51252341008
2020/08/21 15:42:10.028680 data.go:125: 0 : 51252341009
2020/08/21 15:42:10.028680 data.go:125: 0 : 51252341010
2020/08/21 15:42:10.028680 data.go:125: 0 : 51252341011
2020/08/21 15:42:10.028680 data.go:125: 0 : 51252341012
2020/08/21 15:42:10.028680 data.go:125: 0 : 51252341013
2020/08/21 15:42:10.028680 data.go:125: 0 : 51252341014
2020/08/21 15:42:10.028680 data.go:125: 0 : 51252341015
2020/08/21 15:42:10.028680 data.go:125: 0 : 51252341016
2020/08/21 15:42:10.028680 data.go:125: 0 : 51252341017
2020/08/21 15:42:10.028680 data.go:125: 0 : 51252341018
2020/08/21 15:42:10.028680 data.go:125: 0 : 51252341019
2020/08/21 15:42:10.028680 data.go:125: 0 : 51252341020
2020/08/21 15:42:10.028680 data.go:125: 0 : 51252341021
2020/08/21 15:42:10.028680 data.go:125: 0 : 51252341022
2020/08/21 15:42:10.028680 data.go:125: 0 : 51252341023
2020/08/21 15:42:10.028680 data.go:125: 0 : 51252341024
2020/08/21 15:42:10.028680 data.go:125: 0 : 51252341025
2020/08/21 15:42:10.028680 data.go:125: 0 : 51252341026
2020/08/21 15:42:10.028680 data.go:125: 0 : 51252341027
2020/08/21 15:42:10.028680 data.go:125: 0 : 51252341028
2020/08/21 15:42:10.028680 data.go:125: 0 : 51252341029
2020/08/21 15:42:10.028680 data.go:125: 0 : 51252341030
2020/08/21 15:42:10.028680 data.go:125: 0 : 51252341031
2020/08/21 15:42:10.028680 data.go:125: 0 : 51252341032
2020/08/21 15:42:10.028680 data.go:125: 0 : 51252341033
2020/08/21 15:42:10.028680 data.go:125: 0 : 51252341034
2020/08/21 15:42:10.028680 data.go:125: 0 : 51252341035
2020/08/21 15:42:10.028680 data.go:125: 0 : 51252341036
2020/08/21 15:42:10.028680 data.go:125: 0 : 51252341037
2020/08/21 15:42:10.028680 data.go:125: 0 : 51252341038
2020/08/21 15:42:10.028680 data.go:125: 0 : 51252341039
2020/08/21 15:42:10.028680 data.go:125: 0 : 51252341040
2020/08/21 15:42:10.028680 data.go:125: 0 : 51252341041
2020/08/21 15:42:10.028680 data.go:125: 0 : 51252341042
2020/08/21 15:42:10.028680 data.go:125: 0 : 51252341043
2020/08/21 15:42:10.028680 data.go:125: 0 : 51252341044
2020/08/21 15:42:10.029582 data.go:125: 0 : 51252341045
2020/08/21 15:42:10.029582 data.go:125: 0 : 51252341046
2020/08/21 15:42:10.029582 data.go:125: 0 : 51252341047
2020/08/21 15:42:10.029582 data.go:125: 0 : 51252341048
2020/08/21 15:42:10.029582 data.go:125: 0 : 51252341049
2020/08/21 15:42:10.029582 data.go:125: 0 : 51252341050
2020/08/21 15:42:10.029582 data.go:125: 0 : 51252341051
2020/08/21 15:42:10.029582 data.go:125: 0 : 51252341052
2020/08/21 15:42:10.029582 data.go:125: 0 : 51252341053
2020/08/21 15:42:10.029582 data.go:125: 0 : 51252341054
2020/08/21 15:42:10.029582 data.go:125: 0 : 51252341055
2020/08/21 15:42:10.029582 data.go:125: 0 : 51252341056
2020/08/21 15:42:10.029582 data.go:125: 0 : 51252341057
2020/08/21 15:42:10.029582 data.go:125: 0 : 51252341058
2020/08/21 15:42:10.029582 data.go:125: 0 : 51252341059
2020/08/21 15:42:10.029582 data.go:125: 0 : 51252341060
2020/08/21 15:42:10.029582 data.go:125: 0 : 51252341061
2020/08/21 15:42:10.029582 data.go:125: 0 : 51252341062
2020/08/21 15:42:10.029582 data.go:125: 0 : 51252341063
2020/08/21 15:42:10.029582 data.go:125: 0 : 51252341064
2020/08/21 15:42:10.029582 data.go:125: 0 : 51252341065
2020/08/21 15:42:10.029582 data.go:125: 0 : 51252341066
2020/08/21 15:42:10.029582 data.go:125: 0 : 51252341067
2020/08/21 15:42:10.029582 data.go:125: 0 : 51252341068
2020/08/21 15:42:10.029582 data.go:125: 0 : 51252341069
2020/08/21 15:42:10.029582 data.go:125: 0 : 51252341070
2020/08/21 15:42:10.029582 data.go:125: 0 : 51252341071
2020/08/21 15:42:10.029582 data.go:125: 0 : 51252341072
2020/08/21 15:42:10.029582 data.go:125: 0 : 51252341073
2020/08/21 15:42:10.029582 data.go:125: 0 : 51252341074
2020/08/21 15:42:10.029582 data.go:125: 0 : 51252341075
2020/08/21 15:42:10.029582 data.go:125: 0 : 51252341076
2020/08/21 15:42:10.029582 data.go:125: 0 : 51252341077
2020/08/21 15:42:10.029582 data.go:125: 0 : 51252341078
2020/08/21 15:42:10.029582 data.go:125: 0 : 51252341079
2020/08/21 15:42:10.029582 data.go:125: 0 : 51252341080
2020/08/21 15:42:10.029582 data.go:125: 0 : 51252341081
2020/08/21 15:42:10.029582 data.go:125: 0 : 51252341082
2020/08/21 15:42:10.029582 data.go:125: 0 : 51252341083
2020/08/21 15:42:10.029582 data.go:125: 0 : 51252341084
2020/08/21 15:42:10.029582 data.go:125: 0 : 51252341085
2020/08/21 15:42:10.029582 data.go:125: 0 : 51252341086
2020/08/21 15:42:10.029582 data.go:125: 0 : 51252341087
2020/08/21 15:42:10.029582 data.go:125: 0 : 51252341088
2020/08/21 15:42:10.029582 data.go:125: 0 : 51252341089
2020/08/21 15:42:10.029582 data.go:125: 0 : 51252341090
2020/08/21 15:42:10.029582 data.go:125: 0 : 51252341091
2020/08/21 15:42:10.029582 data.go:125: 0 : 51252341092
2020/08/21 15:42:10.029582 data.go:125: 0 : 51252341093
2020/08/21 15:42:10.029582 data.go:125: 0 : 51252341094
2020/08/21 15:42:10.029582 data.go:125: 0 : 51252341095
2020/08/21 15:42:10.029582 data.go:125: 0 : 51252341096
2020/08/21 15:42:10.029582 data.go:125: 0 : 51252341097
2020/08/21 15:42:10.029582 data.go:125: 0 : 51252341098
2020/08/21 15:42:10.029582 data.go:125: 0 : 51252341099
2020/08/21 15:42:10.029582 data.go:125: 0 : 51252341100
2020/08/21 15:42:10.029582 data.go:125: 0 : 51252341101
2020/08/21 15:42:10.030483 data.go:125: 0 : 51252341102
2020/08/21 15:42:10.030483 data.go:125: 0 : 51252341103
2020/08/21 15:42:10.030483 data.go:125: 0 : 51252341104
2020/08/21 15:42:10.030483 data.go:125: 0 : 51252341105
2020/08/21 15:42:10.030483 data.go:125: 0 : 51252341106
2020/08/21 15:42:10.030483 data.go:125: 0 : 51252341107
2020/08/21 15:42:10.030483 data.go:125: 0 : 51252341108
2020/08/21 15:42:10.030483 data.go:125: 0 : 51252341109
2020/08/21 15:42:10.030483 data.go:125: 0 : 51252341110
2020/08/21 15:42:10.030483 data.go:125: 0 : 51252341111
2020/08/21 15:42:10.030483 data.go:125: 0 : 51252341112
2020/08/21 15:42:10.030483 data.go:125: 0 : 51252341113
2020/08/21 15:42:10.030483 data.go:125: 0 : 51252341114
2020/08/21 15:42:10.030483 data.go:125: 0 : 51252341115
2020/08/21 15:42:10.030483 data.go:125: 0 : 51252341116
2020/08/21 15:42:10.030483 data.go:125: 0 : 51252341117
2020/08/21 15:42:10.030483 data.go:125: 0 : 51252341118
2020/08/21 15:42:10.030483 data.go:125: 0 : 51252341119
2020/08/21 15:42:10.030483 data.go:125: 0 : 51252341120
2020/08/21 15:42:10.030483 data.go:125: 0 : 51252341121
2020/08/21 15:42:10.030483 data.go:125: 0 : 51252341122
2020/08/21 15:42:10.030483 data.go:125: 0 : 51252341123
2020/08/21 15:42:10.030483 data.go:125: 0 : 51252341124
2020/08/21 15:42:10.030483 data.go:125: 0 : 51252341125
2020/08/21 15:42:10.030483 data.go:125: 0 : 51252341126
2020/08/21 15:42:10.030483 data.go:125: 0 : 51252341127
2020/08/21 15:42:10.030483 data.go:125: 0 : 51252341128
2020/08/21 15:42:10.030483 data.go:125: 0 : 51252341129
2020/08/21 15:42:10.030483 data.go:125: 0 : 51252341130
2020/08/21 15:42:10.030483 data.go:125: 0 : 51252341131
2020/08/21 15:42:10.030483 data.go:125: 0 : 51252341132
2020/08/21 15:42:10.030483 data.go:125: 0 : 51252341133
2020/08/21 15:42:10.030483 data.go:125: 0 : 51252341134
2020/08/21 15:42:10.030483 data.go:125: 0 : 51252341135
2020/08/21 15:42:10.030483 data.go:125: 0 : 51252341136
2020/08/21 15:42:10.030483 data.go:125: 0 : 51252341137
2020/08/21 15:42:10.030483 data.go:125: 0 : 51252341138
2020/08/21 15:42:10.030483 data.go:125: 0 : 51252341139
2020/08/21 15:42:10.030483 data.go:125: 0 : 51252341140
2020/08/21 15:42:10.030483 data.go:125: 0 : 51252341141
2020/08/21 15:42:10.030483 data.go:125: 0 : 51252341142
2020/08/21 15:42:10.030483 data.go:125: 0 : 51252341143
2020/08/21 15:42:10.030483 data.go:125: 0 : 51252341144
2020/08/21 15:42:10.030483 data.go:125: 0 : 51252341145
2020/08/21 15:42:10.030483 data.go:125: 0 : 51252341146
2020/08/21 15:42:10.030483 data.go:125: 0 : 51252341147
2020/08/21 15:42:10.030483 data.go:125: 0 : 51252341148
2020/08/21 15:42:10.030483 data.go:125: 0 : 51252341149
2020/08/21 15:42:10.030483 data.go:125: 0 : 51252341150
2020/08/21 15:42:10.030483 data.go:125: 0 : 51252341151
2020/08/21 15:42:10.030483 data.go:125: 0 : 51252341152
2020/08/21 15:42:10.030483 data.go:125: 0 : 51252341153
2020/08/21 15:42:10.030483 data.go:125: 0 : 51252341154
2020/08/21 15:42:10.030483 data.go:125: 0 : 51252341155
2020/08/21 15:42:10.030483 data.go:125: 0 : 51252341156
2020/08/21 15:42:10.030483 data.go:125: 0 : 51252341157
2020/08/21 15:42:10.030483 data.go:125: 0 : 51252341158
2020/08/21 15:42:10.031384 data.go:125: 0 : 51252341159
2020/08/21 15:42:10.031384 data.go:125: 0 : 51252341160
2020/08/21 15:42:10.031384 data.go:125: 0 : 51252341161
2020/08/21 15:42:10.031384 data.go:125: 0 : 51252341162
2020/08/21 15:42:10.031384 data.go:125: 0 : 51252341163
2020/08/21 15:42:10.031384 data.go:125: 0 : 51252341164
2020/08/21 15:42:10.031384 data.go:125: 0 : 51252341165
2020/08/21 15:42:10.031384 data.go:125: 0 : 51252341166
2020/08/21 15:42:10.031384 data.go:125: 0 : 51252341167
2020/08/21 15:42:10.031384 data.go:125: 0 : 51252341168
2020/08/21 15:42:10.031384 data.go:125: 0 : 51252341169
2020/08/21 15:42:10.031384 data.go:125: 0 : 51252341170
2020/08/21 15:42:10.031384 data.go:125: 0 : 51252341171
2020/08/21 15:42:10.031384 data.go:125: 0 : 51252341172
2020/08/21 15:42:10.031384 data.go:125: 0 : 51252341173
2020/08/21 15:42:10.031384 data.go:125: 0 : 51252341174
2020/08/21 15:42:10.031384 data.go:125: 0 : 51252341175
2020/08/21 15:42:10.031384 data.go:125: 0 : 51252341176
2020/08/21 15:42:10.031384 data.go:125: 0 : 51252341177
2020/08/21 15:42:10.031384 data.go:125: 0 : 51252341178
2020/08/21 15:42:10.031384 data.go:125: 0 : 51252341179
2020/08/21 15:42:10.031384 data.go:125: 0 : 51252341180
2020/08/21 15:42:10.031384 data.go:125: 0 : 51252341181
2020/08/21 15:42:10.031384 data.go:125: 0 : 51252341182
2020/08/21 15:42:10.031384 data.go:125: 0 : 51252341183
2020/08/21 15:42:10.031384 data.go:125: 0 : 51252341184
2020/08/21 15:42:10.031384 data.go:125: 0 : 51252341185
2020/08/21 15:42:10.031384 data.go:125: 0 : 51252341186
2020/08/21 15:42:10.031384 data.go:125: 0 : 51252341187
2020/08/21 15:42:10.031384 data.go:125: 0 : 51252341188
2020/08/21 15:42:10.031384 data.go:125: 0 : 51252341189
2020/08/21 15:42:10.031384 data.go:125: 0 : 51252341190
2020/08/21 15:42:10.031384 data.go:125: 0 : 51252341191
2020/08/21 15:42:10.031384 data.go:125: 0 : 51252341192
2020/08/21 15:42:10.031384 data.go:125: 0 : 51252341193
2020/08/21 15:42:10.031384 data.go:125: 0 : 51252341194
2020/08/21 15:42:10.031384 data.go:125: 0 : 51252341195
2020/08/21 15:42:10.031384 data.go:125: 0 : 51252341196
2020/08/21 15:42:10.031384 data.go:125: 0 : 51252341197
2020/08/21 15:42:10.031384 data.go:125: 0 : 51252341198
2020/08/21 15:42:10.031384 data.go:125: 0 : 51252341199
2020/08/21 15:42:10.031384 data.go:125: 0 : 51252341200
2020/08/21 15:42:10.031384 data.go:125: 0 : 51252341201
2020/08/21 15:42:10.031384 data.go:125: 0 : 51252341202
2020/08/21 15:42:10.031384 data.go:125: 0 : 51252341203
2020/08/21 15:42:10.031384 data.go:125: 0 : 51252341204
2020/08/21 15:42:10.031384 data.go:125: 0 : 51252341205
2020/08/21 15:42:10.031384 data.go:125: 0 : 51252341206
2020/08/21 15:42:10.031384 data.go:125: 0 : 51252341207
2020/08/21 15:42:10.031384 data.go:125: 0 : 51252341208
2020/08/21 15:42:10.031384 data.go:125: 0 : 51252341209
2020/08/21 15:42:10.031384 data.go:125: 0 : 51252341210
2020/08/21 15:42:10.031384 data.go:125: 0 : 51252341211
2020/08/21 15:42:10.031384 data.go:125: 0 : 51252341212
2020/08/21 15:42:10.031384 data.go:125: 0 : 51252341213
2020/08/21 15:42:10.031384 data.go:125: 0 : 51252341214
2020/08/21 15:42:10.031384 data.go:125: 0 : 51252341215
2020/08/21 15:42:10.031384 data.go:125: 0 : 51252341216
2020/08/21 15:42:10.031384 data.go:125: 0 : 51252341217
2020/08/21 15:42:10.031384 data.go:125: 0 : 51252341218
2020/08/21 15:42:10.032289 data.go:125: 0 : 51252341219
2020/08/21 15:42:10.032289 data.go:125: 0 : 51252341220
2020/08/21 15:42:10.032289 data.go:125: 0 : 51252341221
2020/08/21 15:42:10.032289 data.go:125: 0 : 51252341222
2020/08/21 15:42:10.032289 data.go:125: 0 : 51252341223
2020/08/21 15:42:10.032289 data.go:125: 0 : 51252341224
2020/08/21 15:42:10.032289 data.go:125: 0 : 51252341225
2020/08/21 15:42:10.032289 data.go:125: 0 : 51252341226
2020/08/21 15:42:10.032289 data.go:125: 0 : 51252341227
2020/08/21 15:42:10.032289 data.go:125: 0 : 51252341228
2020/08/21 15:42:10.032289 data.go:125: 0 : 51252341229
2020/08/21 15:42:10.032289 data.go:125: 0 : 51252341230
2020/08/21 15:42:10.032289 data.go:125: 0 : 51252341231
2020/08/21 15:42:10.032289 data.go:125: 0 : 51252341232
2020/08/21 15:42:10.032289 data.go:125: 0 : 51252341233
2020/08/21 15:42:10.032289 data.go:125: 0 : 51252341234
2020/08/21 15:42:10.032289 data.go:125: 0 : 51252341235
2020/08/21 15:42:10.032289 data.go:125: 0 : 51252341236
2020/08/21 15:42:10.032289 data.go:125: 0 : 51252341237
2020/08/21 15:42:10.032289 data.go:125: 0 : 51252341238
2020/08/21 15:42:10.032289 data.go:125: 0 : 51252341239
2020/08/21 15:42:10.032289 data.go:125: 0 : 51252341240
2020/08/21 15:42:10.032289 data.go:125: 0 : 51252341241
2020/08/21 15:42:10.032289 data.go:125: 0 : 51252341242
2020/08/21 15:42:10.032289 data.go:125: 0 : 51252341243
2020/08/21 15:42:10.032289 data.go:125: 0 : 51252341244
2020/08/21 15:42:10.032289 data.go:125: 0 : 51252341245
2020/08/21 15:42:10.032289 data.go:125: 0 : 51252341246
2020/08/21 15:42:10.032289 data.go:125: 0 : 51252341247
2020/08/21 15:42:10.032289 data.go:125: 0 : 51252341248
2020/08/21 15:42:10.032289 data.go:125: 0 : 51252341249
2020/08/21 15:42:10.032289 data.go:125: 0 : 51252341250
2020/08/21 15:42:10.032289 data.go:125: 0 : 51252341251
2020/08/21 15:42:10.032289 data.go:125: 0 : 51252341252
2020/08/21 15:42:10.032289 data.go:125: 0 : 51252341253
2020/08/21 15:42:10.032289 data.go:125: 0 : 51252341254
2020/08/21 15:42:10.032289 data.go:125: 0 : 51252341255
2020/08/21 15:42:10.032289 data.go:125: 0 : 51252341256
2020/08/21 15:42:10.032289 data.go:125: 0 : 51252341257
2020/08/21 15:42:10.032289 data.go:125: 0 : 51252341258
2020/08/21 15:42:10.032289 data.go:125: 0 : 51252341259
2020/08/21 15:42:10.032289 data.go:125: 0 : 51252341260
2020/08/21 15:42:10.032289 data.go:125: 0 : 51252341261
2020/08/21 15:42:10.032289 data.go:125: 0 : 51252341262
2020/08/21 15:42:10.032289 data.go:125: 0 : 51252341263
2020/08/21 15:42:10.032289 data.go:125: 0 : 51252341264
2020/08/21 15:42:10.032289 data.go:125: 0 : 51252341265
2020/08/21 15:42:10.032289 data.go:125: 0 : 51252341266
2020/08/21 15:42:10.032289 data.go:125: 0 : 51252341267
2020/08/21 15:42:10.032289 data.go:125: 0 : 51252341268
2020/08/21 15:42:10.032289 data.go:125: 0 : 51252341269
2020/08/21 15:42:10.032289 data.go:125: 0 : 51252341270
2020/08/21 15:42:10.032289 data.go:125: 0 : 51252341271
2020/08/21 15:42:10.032289 data.go:125: 0 : 51252341272
2020/08/21 15:42:10.032289 data.go:125: 0 : 51252341273
2020/08/21 15:42:10.032289 data.go:125: 0 : 51252341274
2020/08/21 15:42:10.032289 data.go:125: 0 : 51252341275
2020/08/21 15:42:10.032289 data.go:125: 0 : 51252341276
2020/08/21 15:42:10.032289 data.go:125: 0 : 51252341277
2020/08/21 15:42:10.032289 data.go:125: 0 : 51252341278
2020/08/21 15:42:10.032289 data.go:125: 0 : 51252341279
2020/08/21 15:42:10.032289 data.go:125: 0 : 51252341280
2020/08/21 15:42:10.032289 data.go:125: 0 : 51252341281
2020/08/21 15:42:10.033190 data.go:125: 0 : 51252341282
2020/08/21 15:42:10.033190 data.go:125: 0 : 51252341283
2020/08/21 15:42:10.033190 data.go:125: 0 : 51252341284
2020/08/21 15:42:10.033190 data.go:125: 0 : 51252341285
2020/08/21 15:42:10.033190 data.go:125: 0 : 51252341286
2020/08/21 15:42:10.033190 data.go:125: 0 : 51252341287
2020/08/21 15:42:10.033190 data.go:125: 0 : 51252341288
2020/08/21 15:42:10.033190 data.go:125: 0 : 51252341289
2020/08/21 15:42:10.033190 data.go:125: 0 : 51252341290
2020/08/21 15:42:10.033190 data.go:125: 0 : 51252341291
2020/08/21 15:42:10.033190 data.go:125: 0 : 51252341292
2020/08/21 15:42:10.033190 data.go:125: 0 : 51252341293
2020/08/21 15:42:10.033190 data.go:125: 0 : 51252341294
2020/08/21 15:42:10.033190 data.go:125: 0 : 51252341295
2020/08/21 15:42:10.033190 data.go:125: 0 : 51252341296
2020/08/21 15:42:10.033190 data.go:125: 0 : 51252341297
2020/08/21 15:42:10.033190 data.go:131: Caller display number excel file load success！ sum: 497
2020/08/21 15:42:10.037696 data.go:142: phone attributtion data load success！
2020/08/21 15:42:10.038597 http_serve.go:135: phoneController serve at  0.0.0.0:8018
2020/08/21 15:42:50.377437 http_serve.go:84: do Get callerDisplay: 51252341026 using flag: false -> true
2020/08/21 15:43:03.717843 http_serve.go:84: do Get callerDisplay: 51252340954 using flag: false -> true
2020/08/21 15:43:28.137449 http_serve.go:84: do Get callerDisplay: 51252340962 using flag: false -> true
2020/08/21 15:44:42.153070 http_serve.go:60: do put callerDisplay: 51252340962 using flag: true -> false
2020/08/21 15:45:12.278358 http_serve.go:60: do put callerDisplay: 51252340954 using flag: true -> false
2020/08/21 15:45:17.506617 http_serve.go:56: do put callerDisplay not used!
